0 silly input [ 'publish' ]
1 silly flags { _: [ 'publish' ], 'reject-cycles': false, rejectCycles: false }
2 verbose rootPath D:\test5\polymer-web-components-monorepo
3 info version 2.11.0
4 silly isInitialized
5 silly isInitialized true
6 silly existsSync D:\test5\polymer-web-components-monorepo\VERSION
7 silly initialize attempt
8 info current version 0.3.0
9 silly isDetachedHead
10 silly getCurrentBranch
11 verbose getCurrentBranch checkpoint
12 verbose isDetachedHead false
13 silly getCurrentBranch
14 verbose getCurrentBranch checkpoint
15 silly getUpdates
16 info Checking for updated packages...
17 silly hasTags
18 verbose hasTags true
19 silly getLastTag
20 verbose getLastTag v0.3.0
21 info Comparing with v0.3.0.
22 silly diffSinceIn v0.3.0 packages/add-measure
23 silly diff packages/add-measure/dist/addmeasure.js
24 silly diffSinceIn v0.3.0 packages/pk-ecqm-grid
25 silly diff packages/pk-ecqm-grid/dist/index.html
25 silly diff packages/pk-ecqm-grid/dist/pkecqmgrid.js
25 silly diff packages/pk-ecqm-grid/dist/src/index.d.ts
25 silly diff packages/pk-ecqm-grid/dist/web-animations-next-lite.min.js
25 silly diff packages/pk-ecqm-grid/dist/webcomponentsjs/custom-elements-es5-adapter.js
25 silly diff packages/pk-ecqm-grid/dist/webcomponentsjs/gulpfile.js
25 silly diff packages/pk-ecqm-grid/dist/webcomponentsjs/webcomponents-bundle.js
25 silly diff packages/pk-ecqm-grid/dist/webcomponentsjs/webcomponents-loader.js
26 silly diffSinceIn v0.3.0 packages/uberbundle
27 silly diff packages/uberbundle/add-measure/src/index.d.ts
27 silly diff packages/uberbundle/dist/src/index.d.ts
27 silly diff packages/uberbundle/dist/uberbundle.js
27 silly diff packages/uberbundle/pk-ecqm-grid/src/index.d.ts
27 silly diff packages/uberbundle/psumancomp1/src/index.d.ts
27 silly diff packages/uberbundle/psumancomp2/src/index.d.ts
27 silly diff packages/uberbundle/psumancomp3/src/index.d.ts
27 silly diff packages/uberbundle/src/index.ts
28 verbose updated add-measure
29 verbose updated test-pk-ecqm-grid
30 verbose updated uberbundle
31 info Checking for prereleased packages...
32 silly collectDependents
33 silly isPackageDependentOf add-measure add-measure
34 silly isPackageDependentOf add-measure test-pk-ecqm-grid
35 silly isPackageDependentOf add-measure uberbundle
36 silly isPackageDependentOf test-pk-ecqm-grid add-measure
37 silly isPackageDependentOf test-pk-ecqm-grid test-pk-ecqm-grid
38 silly isPackageDependentOf test-pk-ecqm-grid uberbundle
39 silly isPackageDependentOf uberbundle add-measure
40 silly isPackageDependentOf uberbundle test-pk-ecqm-grid
41 silly isPackageDependentOf uberbundle uberbundle
42 silly collectUpdates
43 verbose has filtered update add-measure
44 verbose has filtered update test-pk-ecqm-grid
45 verbose has filtered update uberbundle
46 silly initialize success
47 silly execute attempt
48 silly addFile D:\test5\polymer-web-components-monorepo\lerna.json
49 silly runScriptSync preversion polymer-web-components-monorepo
50 silly runScriptSync preversion add-measure
51 silly runScriptSync version add-measure
52 silly runScriptSync preversion test-pk-ecqm-grid
53 silly runScriptSync version test-pk-ecqm-grid
54 silly runScriptSync preversion uberbundle
55 silly runScriptSync version uberbundle
56 silly runScriptSync version polymer-web-components-monorepo
57 silly addFile D:\test5\polymer-web-components-monorepo\packages\add-measure\package.json
58 silly addFile D:\test5\polymer-web-components-monorepo\packages\pk-ecqm-grid\package.json
59 silly addFile D:\test5\polymer-web-components-monorepo\packages\uberbundle\package.json
60 silly commit v0.3.1
61 verbose commit [ 'commit', '--no-verify', '-m', 'v0.3.1' ]
62 silly addTag v0.3.1
63 silly runScriptSync postversion add-measure
64 silly runScriptSync postversion test-pk-ecqm-grid
65 silly runScriptSync postversion uberbundle
66 silly runScriptSync postversion polymer-web-components-monorepo
67 info publish Publishing packages to npm...
68 silly existsSync D:\test5\polymer-web-components-monorepo\packages\add-measure\scripts\prepublish.js
69 verbose execScript No prepublish script found at D:\test5\polymer-web-components-monorepo\packages\add-measure\scripts\prepublish.js
70 silly existsSync D:\test5\polymer-web-components-monorepo\packages\pk-ecqm-grid\scripts\prepublish.js
71 verbose execScript No prepublish script found at D:\test5\polymer-web-components-monorepo\packages\pk-ecqm-grid\scripts\prepublish.js
72 silly existsSync D:\test5\polymer-web-components-monorepo\packages\uberbundle\scripts\prepublish.js
73 verbose execScript No prepublish script found at D:\test5\polymer-web-components-monorepo\packages\uberbundle\scripts\prepublish.js
74 verbose publishing add-measure
75 silly publishTaggedInDir latest add-measure
76 silly getExecOpts { cwd: 'D:\\test5\\polymer-web-components-monorepo\\packages\\add-measure' }
77 verbose publishing test-pk-ecqm-grid
78 silly publishTaggedInDir latest pk-ecqm-grid
79 silly getExecOpts { cwd: 'D:\\test5\\polymer-web-components-monorepo\\packages\\pk-ecqm-grid' }
80 verbose publishing uberbundle
81 silly publishTaggedInDir latest uberbundle
82 silly getExecOpts { cwd: 'D:\\test5\\polymer-web-components-monorepo\\packages\\uberbundle' }
83 error publish Retrying failed publish: test-pk-ecqm-grid
84 verbose publish error undefined
85 verbose publishing test-pk-ecqm-grid
86 silly publishTaggedInDir latest pk-ecqm-grid
87 silly getExecOpts { cwd: 'D:\\test5\\polymer-web-components-monorepo\\packages\\pk-ecqm-grid' }
88 error publish Retrying failed publish: add-measure
89 verbose publish error undefined
90 verbose publishing add-measure
91 silly publishTaggedInDir latest add-measure
92 silly getExecOpts { cwd: 'D:\\test5\\polymer-web-components-monorepo\\packages\\add-measure' }
93 error publish Retrying failed publish: uberbundle
94 verbose publish error undefined
95 verbose publishing uberbundle
96 silly publishTaggedInDir latest uberbundle
97 silly getExecOpts { cwd: 'D:\\test5\\polymer-web-components-monorepo\\packages\\uberbundle' }
98 error publish Retrying failed publish: test-pk-ecqm-grid
99 verbose publish error undefined
100 verbose publishing test-pk-ecqm-grid
101 silly publishTaggedInDir latest pk-ecqm-grid
102 silly getExecOpts { cwd: 'D:\\test5\\polymer-web-components-monorepo\\packages\\pk-ecqm-grid' }
103 error publish Retrying failed publish: add-measure
104 verbose publish error undefined
105 verbose publishing add-measure
106 silly publishTaggedInDir latest add-measure
107 silly getExecOpts { cwd: 'D:\\test5\\polymer-web-components-monorepo\\packages\\add-measure' }
108 error publish Retrying failed publish: uberbundle
109 verbose publish error undefined
110 verbose publishing uberbundle
111 silly publishTaggedInDir latest uberbundle
112 silly getExecOpts { cwd: 'D:\\test5\\polymer-web-components-monorepo\\packages\\uberbundle' }
113 error publish Retrying failed publish: test-pk-ecqm-grid
114 verbose publish error undefined
115 verbose publishing test-pk-ecqm-grid
116 silly publishTaggedInDir latest pk-ecqm-grid
117 silly getExecOpts { cwd: 'D:\\test5\\polymer-web-components-monorepo\\packages\\pk-ecqm-grid' }
118 error publish Retrying failed publish: add-measure
119 verbose publish error undefined
120 verbose publishing add-measure
121 silly publishTaggedInDir latest add-measure
122 silly getExecOpts { cwd: 'D:\\test5\\polymer-web-components-monorepo\\packages\\add-measure' }
123 error publish Retrying failed publish: uberbundle
124 verbose publish error undefined
125 verbose publishing uberbundle
126 silly publishTaggedInDir latest uberbundle
127 silly getExecOpts { cwd: 'D:\\test5\\polymer-web-components-monorepo\\packages\\uberbundle' }
128 error publish Retrying failed publish: test-pk-ecqm-grid
129 verbose publish error undefined
130 verbose publishing test-pk-ecqm-grid
131 silly publishTaggedInDir latest pk-ecqm-grid
132 silly getExecOpts { cwd: 'D:\\test5\\polymer-web-components-monorepo\\packages\\pk-ecqm-grid' }
133 error publish Retrying failed publish: add-measure
134 verbose publish error undefined
135 verbose publishing add-measure
136 silly publishTaggedInDir latest add-measure
137 silly getExecOpts { cwd: 'D:\\test5\\polymer-web-components-monorepo\\packages\\add-measure' }
138 error publish Ran out of retries while publishing test-pk-ecqm-grid Error: Command failed: yarn publish --tag latest --new-version 0.3.1
138 error publish clean-webpack-plugin: D:\test5\polymer-web-components-monorepo\packages\pk-ecqm-grid\dist has been removed.
138 error publish error Couldn't publish package: "https://registry.yarnpkg.com/test-pk-ecqm-grid: You do not have permission to publish \"test-pk-ecqm-grid\". Are you logged in as the correct user?"
138 error publish yarn publish v1.7.0
138 error publish [1/4] Bumping version...
138 error publish info Current version: 0.3.1
138 error publish [2/4] Logging in...
138 error publish [3/4] Publishing...
138 error publish $ webpack --config webpack.dev.conf.js
138 error publish Hash: a0359e83852411003b97
138 error publish Version: webpack 4.12.0
138 error publish Time: 2957ms
138 error publish Built at: 2018-07-04 20:02:42
138 error publish                                          Asset      Size      Chunks             Chunk Names
138 error publish                                  pkecqmgrid.js  1.24 MiB  pkecqmgrid  [emitted]  pkecqmgrid
138 error publish                                 src\index.d.ts   1.9 KiB              [emitted]
138 error publish webcomponentsjs/custom-elements-es5-adapter.js  1.58 KiB              [emitted]
138 error publish                    webcomponentsjs/gulpfile.js   5.7 KiB              [emitted]
138 error publish        webcomponentsjs/webcomponents-loader.js  5.74 KiB              [emitted]
138 error publish        webcomponentsjs/webcomponents-bundle.js  96.1 KiB              [emitted]
138 error publish                                     index.html  4.95 KiB              [emitted]
138 error publish                web-animations-next-lite.min.js  49.4 KiB              [emitted]
138 error publish [./src/app.template.html] 6.9 KiB {pkecqmgrid} [built]
138 error publish [./src/index.ts] 6.61 KiB {pkecqmgrid} [built]
138 error publish [0] multi ./src/index 28 bytes {pkecqmgrid} [built]
138 error publish     + 128 hidden modules
138 error publish info Visit https://yarnpkg.com/en/docs/cli/publish for documentation about this command.
138 error publish
138 error publish     at Promise.all.then.arr (D:\nodejs\node-v8.11.3-win-x64\node_modules\lerna\node_modules\execa\index.js:236:11)
138 error publish     at <anonymous>
138 error publish     at process._tickCallback (internal/process/next_tick.js:188:7)
139 error execute callback with error
140 error Error: Command failed: yarn publish --tag latest --new-version 0.3.1
140 error clean-webpack-plugin: D:\test5\polymer-web-components-monorepo\packages\pk-ecqm-grid\dist has been removed.
140 error error Couldn't publish package: "https://registry.yarnpkg.com/test-pk-ecqm-grid: You do not have permission to publish \"test-pk-ecqm-grid\". Are you logged in as the correct user?"
140 error yarn publish v1.7.0
140 error [1/4] Bumping version...
140 error info Current version: 0.3.1
140 error [2/4] Logging in...
140 error [3/4] Publishing...
140 error $ webpack --config webpack.dev.conf.js
140 error Hash: a0359e83852411003b97
140 error Version: webpack 4.12.0
140 error Time: 2957ms
140 error Built at: 2018-07-04 20:02:42
140 error                                          Asset      Size      Chunks             Chunk Names
140 error                                  pkecqmgrid.js  1.24 MiB  pkecqmgrid  [emitted]  pkecqmgrid
140 error                                 src\index.d.ts   1.9 KiB              [emitted]
140 error webcomponentsjs/custom-elements-es5-adapter.js  1.58 KiB              [emitted]
140 error                    webcomponentsjs/gulpfile.js   5.7 KiB              [emitted]
140 error        webcomponentsjs/webcomponents-loader.js  5.74 KiB              [emitted]
140 error        webcomponentsjs/webcomponents-bundle.js  96.1 KiB              [emitted]
140 error                                     index.html  4.95 KiB              [emitted]
140 error                web-animations-next-lite.min.js  49.4 KiB              [emitted]
140 error [./src/app.template.html] 6.9 KiB {pkecqmgrid} [built]
140 error [./src/index.ts] 6.61 KiB {pkecqmgrid} [built]
140 error [0] multi ./src/index 28 bytes {pkecqmgrid} [built]
140 error     + 128 hidden modules
140 error info Visit https://yarnpkg.com/en/docs/cli/publish for documentation about this command.
140 error
140 error     at Promise.all.then.arr (D:\nodejs\node-v8.11.3-win-x64\node_modules\lerna\node_modules\execa\index.js:236:11)
140 error     at <anonymous>
